This is pdfTeX, Version 3.1415926-2.3-1.40.12 (TeX Live 2011) (format=pdflatex 2011.7.3)  18 DEC 2013 16:06
entering extended mode
 \write18 enabled.
 file:line:error style messages enabled.
 %&-line parsing enabled.
**principal.tex
(./principal.tex
LaTeX2e <2009/09/24>
Babel <v3.8l> and hyphenation patterns for english, dumylang, nohyphenation, ge
rman-x-2009-06-19, ngerman-x-2009-06-19, afrikaans, ancientgreek, ibycus, arabi
c, armenian, basque, bulgarian, catalan, pinyin, coptic, croatian, czech, danis
h, dutch, ukenglish, usenglishmax, esperanto, estonian, ethiopic, farsi, finnis
h, french, galician, german, ngerman, swissgerman, monogreek, greek, hungarian,
 icelandic, assamese, bengali, gujarati, hindi, kannada, malayalam, marathi, or
iya, panjabi, tamil, telugu, indonesian, interlingua, irish, italian, kurmanji,
 lao, latin, latvian, lithuanian, mongolian, mongolianlmc, bokmal, nynorsk, pol
ish, portuguese, romanian, russian, sanskrit, serbian, serbianc, slovak, sloven
ian, spanish, swedish, turkish, turkmen, ukrainian, uppersorbian, welsh, loaded
.
(/usr/local/texlive/2011/texmf-dist/tex/latex/base/book.cls
Document Class: book 2007/10/19 v1.4h Standard LaTeX document class
(/usr/local/texlive/2011/texmf-dist/tex/latex/base/bk11.clo
File: bk11.clo 2007/10/19 v1.4h Standard LaTeX file (size option)
)
\c@part=\count79
\c@chapter=\count80
\c@section=\count81
\c@subsection=\count82
\c@subsubsection=\count83
\c@paragraph=\count84
\c@subparagraph=\count85
\c@figure=\count86
\c@table=\count87
\abovecaptionskip=\skip41
\belowcaptionskip=\skip42
\bibindent=\dimen102
)
(/usr/local/texlive/2011/texmf-dist/tex/latex/base/fontenc.sty
Package: fontenc 2005/09/27 v1.99g Standard LaTeX package

(/usr/local/texlive/2011/texmf-dist/tex/latex/base/t1enc.def
File: t1enc.def 2005/09/27 v1.99g Standard LaTeX file
LaTeX Font Info:    Redeclaring font encoding T1 on input line 43.
))
(/usr/local/texlive/2011/texmf-dist/tex/latex/base/inputenc.sty
Package: inputenc 2008/03/30 v1.1d Input encoding file
\inpenc@prehook=\toks14
\inpenc@posthook=\toks15

(/usr/local/texlive/2011/texmf-dist/tex/latex/base/latin1.def
File: latin1.def 2008/03/30 v1.1d Input encoding file
))
(/usr/local/texlive/2011/texmf-dist/tex/latex/amsmath/amsmath.sty
Package: amsmath 2000/07/18 v2.13 AMS math features
\@mathmargin=\skip43

For additional information on amsmath, use the `?' option.
(/usr/local/texlive/2011/texmf-dist/tex/latex/amsmath/amstext.sty
Package: amstext 2000/06/29 v2.01

(/usr/local/texlive/2011/texmf-dist/tex/latex/amsmath/amsgen.sty
File: amsgen.sty 1999/11/30 v2.0
\@emptytoks=\toks16
\ex@=\dimen103
))
(/usr/local/texlive/2011/texmf-dist/tex/latex/amsmath/amsbsy.sty
Package: amsbsy 1999/11/29 v1.2d
\pmbraise@=\dimen104
)
(/usr/local/texlive/2011/texmf-dist/tex/latex/amsmath/amsopn.sty
Package: amsopn 1999/12/14 v2.01 operator names
)
\inf@bad=\count88
LaTeX Info: Redefining \frac on input line 211.
\uproot@=\count89
\leftroot@=\count90
LaTeX Info: Redefining \overline on input line 307.
\classnum@=\count91
\DOTSCASE@=\count92
LaTeX Info: Redefining \ldots on input line 379.
LaTeX Info: Redefining \dots on input line 382.
LaTeX Info: Redefining \cdots on input line 467.
\Mathstrutbox@=\box26
\strutbox@=\box27
\big@size=\dimen105
LaTeX Font Info:    Redeclaring font encoding OML on input line 567.
LaTeX Font Info:    Redeclaring font encoding OMS on input line 568.
\macc@depth=\count93
\c@MaxMatrixCols=\count94
\dotsspace@=\muskip10
\c@parentequation=\count95
\dspbrk@lvl=\count96
\tag@help=\toks17
\row@=\count97
\column@=\count98
\maxfields@=\count99
\andhelp@=\toks18
\eqnshift@=\dimen106
\alignsep@=\dimen107
\tagshift@=\dimen108
\tagwidth@=\dimen109
\totwidth@=\dimen110
\lineht@=\dimen111
\@envbody=\toks19
\multlinegap=\skip44
\multlinetaggap=\skip45
\mathdisplay@stack=\toks20
LaTeX Info: Redefining \[ on input line 2666.
LaTeX Info: Redefining \] on input line 2667.
)
(/usr/local/texlive/2011/texmf-dist/tex/latex/amscls/amsthm.sty
Package: amsthm 2009/07/02 v2.20.1
\thm@style=\toks21
\thm@bodyfont=\toks22
\thm@headfont=\toks23
\thm@notefont=\toks24
\thm@headpunct=\toks25
\thm@preskip=\skip46
\thm@postskip=\skip47
\thm@headsep=\skip48
\dth@everypar=\toks26
)
(/usr/local/texlive/2011/texmf-dist/tex/latex/amsfonts/amsfonts.sty
Package: amsfonts 2009/06/22 v3.00 Basic AMSFonts support
\symAMSa=\mathgroup4
\symAMSb=\mathgroup5
LaTeX Font Info:    Overwriting math alphabet `\mathfrak' in version `bold'
(Font)                  U/euf/m/n --> U/euf/b/n on input line 96.
)
(/usr/local/texlive/2011/texmf-dist/tex/latex/amsfonts/amssymb.sty
Package: amssymb 2009/06/22 v3.00
)
(/usr/local/texlive/2011/texmf-dist/tex/generic/babel/babel.sty
Package: babel 2008/07/06 v3.8l The Babel package

(/usr/local/texlive/2011/texmf-dist/tex/generic/babel/spanish.ldf
Language: spanish.ldf 2009/01/02 v5.0h Spanish support from the babel system

(/usr/local/texlive/2011/texmf-dist/tex/generic/babel/babel.def
File: babel.def 2008/07/06 v3.8l Babel common definitions
\babel@savecnt=\count100
\U@D=\dimen112
)
\es@datefmt=\count101
\es@quottoks=\toks27
\es@quotdepth=\count102
Package babel Info: Making " an active character on input line 492.
Package babel Info: Making . an active character on input line 585.
Package babel Info: Making < an active character on input line 630.
Package babel Info: Making > an active character on input line 630.
))
(/usr/local/texlive/2011/texmf-dist/tex/latex/graphics/graphicx.sty
Package: graphicx 1999/02/16 v1.0f Enhanced LaTeX Graphics (DPC,SPQR)

(/usr/local/texlive/2011/texmf-dist/tex/latex/graphics/keyval.sty
Package: keyval 1999/03/16 v1.13 key=value parser (DPC)
\KV@toks@=\toks28
)
(/usr/local/texlive/2011/texmf-dist/tex/latex/graphics/graphics.sty
Package: graphics 2009/02/05 v1.0o Standard LaTeX Graphics (DPC,SPQR)

(/usr/local/texlive/2011/texmf-dist/tex/latex/graphics/trig.sty
Package: trig 1999/03/16 v1.09 sin cos tan (DPC)
)
(/usr/local/texlive/2011/texmf-dist/tex/latex/latexconfig/graphics.cfg
File: graphics.cfg 2010/04/23 v1.9 graphics configuration of TeX Live
)
Package graphics Info: Driver file: pdftex.def on input line 91.

(/usr/local/texlive/2011/texmf-dist/tex/latex/pdftex-def/pdftex.def
File: pdftex.def 2011/05/27 v0.06d Graphics/color for pdfTeX

(/usr/local/texlive/2011/texmf-dist/tex/generic/oberdiek/infwarerr.sty
Package: infwarerr 2010/04/08 v1.3 Providing info/warning/message (HO)
)
(/usr/local/texlive/2011/texmf-dist/tex/generic/oberdiek/ltxcmds.sty
Package: ltxcmds 2011/04/18 v1.20 LaTeX kernel commands for general use (HO)
)
\Gread@gobject=\count103
))
\Gin@req@height=\dimen113
\Gin@req@width=\dimen114
)
(/usr/local/texlive/2011/texmf-dist/tex/latex/doublestroke/dsfont.sty
Package: dsfont 1995/08/01 v0.1 Double stroke roman fonts
)
(/usr/local/texlive/2011/texmf-dist/tex/latex/float/float.sty
Package: float 2001/11/08 v1.3d Float enhancements (AL)
\c@float@type=\count104
\float@exts=\toks29
\float@box=\box28
\@float@everytoks=\toks30
\@floatcapt=\box29
)
(/usr/local/texlive/2011/texmf-dist/tex/latex/fancyhdr/fancyhdr.sty
\fancy@headwidth=\skip49
\f@ncyO@elh=\skip50
\f@ncyO@erh=\skip51
\f@ncyO@olh=\skip52
\f@ncyO@orh=\skip53
\f@ncyO@elf=\skip54
\f@ncyO@erf=\skip55
\f@ncyO@olf=\skip56
\f@ncyO@orf=\skip57
)
(/usr/local/texlive/2011/texmf-dist/tex/latex/anysize/anysize.sty
Package: anysize 1994/08/13 setting margin sizes

document style option `anysize' loaded
Michael Salzenberg, Thomas Esser, Dirk Hillbrecht
Version 1.0, Aug 13, 1994
\@Leftmargin=\dimen115
\@Rightmargin=\dimen116
\@Topmargin=\dimen117
\@Bottommargin=\dimen118
) (/usr/local/texlive/2011/texmf-dist/tex/latex/booktabs/booktabs.sty
Package: booktabs 2005/04/14 v1.61803 publication quality tables
\heavyrulewidth=\dimen119
\lightrulewidth=\dimen120
\cmidrulewidth=\dimen121
\belowrulesep=\dimen122
\belowbottomsep=\dimen123
\aboverulesep=\dimen124
\abovetopsep=\dimen125
\cmidrulesep=\dimen126
\cmidrulekern=\dimen127
\defaultaddspace=\dimen128
\@cmidla=\count105
\@cmidlb=\count106
\@aboverulesep=\dimen129
\@belowrulesep=\dimen130
\@thisruleclass=\count107
\@lastruleclass=\count108
\@thisrulewidth=\dimen131
)
(/usr/local/texlive/2011/texmf-dist/tex/latex/multirow/multirow.sty
\bigstrutjot=\dimen132
)
(/usr/local/texlive/2011/texmf-dist/tex/latex/titlesec/titlesec.sty
Package: titlesec 2007/08/12 v2.8 Sectioning titles
\ttl@box=\box30
\beforetitleunit=\skip58
\aftertitleunit=\skip59
\ttl@plus=\dimen133
\ttl@minus=\dimen134
\ttl@toksa=\toks31
\titlewidth=\dimen135
\titlewidthlast=\dimen136
\titlewidthfirst=\dimen137
)
(/usr/local/texlive/2011/texmf-dist/tex/latex/tools/enumerate.sty
Package: enumerate 1999/03/05 v3.00 enumerate extensions (DPC)
\@enLab=\toks32
)
(/usr/local/texlive/2011/texmf-dist/tex/latex/tools/verbatim.sty
Package: verbatim 2003/08/22 v1.5q LaTeX2e package for verbatim enhancements
\every@verbatim=\toks33
\verbatim@line=\toks34
\verbatim@in@stream=\read1
)
\c@thm=\count109

(./principal.aux

LaTeX Warning: Label `riesgo' multiply defined.


LaTeX Warning: Label `Grandell' multiply defined.


LaTeX Warning: Label `mi' multiply defined.


LaTeX Warning: Label `mi' multiply defined.


LaTeX Warning: Label `gibbs' multiply defined.


LaTeX Warning: Label `gibbs' multiply defined.


LaTeX Warning: Label `gibbs' multiply defined.

)
\openout1 = `principal.aux'.

LaTeX Font Info:    Checking defaults for OML/cmm/m/it on input line 51.
LaTeX Font Info:    ... okay on input line 51.
LaTeX Font Info:    Checking defaults for T1/cmr/m/n on input line 51.
LaTeX Font Info:    ... okay on input line 51.
LaTeX Font Info:    Checking defaults for OT1/cmr/m/n on input line 51.
LaTeX Font Info:    ... okay on input line 51.
LaTeX Font Info:    Checking defaults for OMS/cmsy/m/n on input line 51.
LaTeX Font Info:    ... okay on input line 51.
LaTeX Font Info:    Checking defaults for OMX/cmex/m/n on input line 51.
LaTeX Font Info:    ... okay on input line 51.
LaTeX Font Info:    Checking defaults for U/cmr/m/n on input line 51.
LaTeX Font Info:    ... okay on input line 51.
 (/usr/local/texlive/2011/texmf-dist/tex/context/base/supp-pdf.mkii
[Loading MPS to PDF converter (version 2006.09.02).]
\scratchcounter=\count110
\scratchdimen=\dimen138
\scratchbox=\box31
\nofMPsegments=\count111
\nofMParguments=\count112
\everyMPshowfont=\toks35
\MPscratchCnt=\count113
\MPscratchDim=\dimen139
\MPnumerator=\count114
\makeMPintoPDFobject=\count115
\everyMPtoPDFconversion=\toks36
) (/usr/local/texlive/2011/texmf-dist/tex/generic/oberdiek/pdftexcmds.sty
Package: pdftexcmds 2011/04/22 v0.16 Utilities of pdfTeX for LuaTeX (HO)

(/usr/local/texlive/2011/texmf-dist/tex/generic/oberdiek/ifluatex.sty
Package: ifluatex 2010/03/01 v1.3 Provides the ifluatex switch (HO)
Package ifluatex Info: LuaTeX not detected.
)
(/usr/local/texlive/2011/texmf-dist/tex/generic/oberdiek/ifpdf.sty
Package: ifpdf 2011/01/30 v2.3 Provides the ifpdf switch (HO)
Package ifpdf Info: pdfTeX in PDF mode is detected.
)
Package pdftexcmds Info: LuaTeX not detected.
Package pdftexcmds Info: \pdf@primitive is available.
Package pdftexcmds Info: \pdf@ifprimitive is available.
Package pdftexcmds Info: \pdfdraftmode found.
)
(/usr/local/texlive/2011/texmf-dist/tex/latex/oberdiek/epstopdf-base.sty
Package: epstopdf-base 2010/02/09 v2.5 Base part for package epstopdf

(/usr/local/texlive/2011/texmf-dist/tex/latex/oberdiek/grfext.sty
Package: grfext 2010/08/19 v1.1 Managing graphics extensions (HO)

(/usr/local/texlive/2011/texmf-dist/tex/generic/oberdiek/kvdefinekeys.sty
Package: kvdefinekeys 2011/04/07 v1.3 Defining keys (HO)
))
(/usr/local/texlive/2011/texmf-dist/tex/latex/oberdiek/kvoptions.sty
Package: kvoptions 2010/12/23 v3.10 Keyval support for LaTeX options (HO)

(/usr/local/texlive/2011/texmf-dist/tex/generic/oberdiek/kvsetkeys.sty
Package: kvsetkeys 2011/04/07 v1.13 Key value parser (HO)

(/usr/local/texlive/2011/texmf-dist/tex/generic/oberdiek/etexcmds.sty
Package: etexcmds 2011/02/16 v1.5 Prefix for e-TeX command names (HO)
Package etexcmds Info: Could not find \expanded.
(etexcmds)             That can mean that you are not using pdfTeX 1.50 or
(etexcmds)             that some package has redefined \expanded.
(etexcmds)             In the latter case, load this package earlier.
)))
Package grfext Info: Graphics extension search list:
(grfext)             [.png,.pdf,.jpg,.mps,.jpeg,.jbig2,.jb2,.PNG,.PDF,.JPG,.JPE
G,.JBIG2,.JB2,.eps]
(grfext)             \AppendGraphicsExtensions on input line 452.

(/usr/local/texlive/2011/texmf-dist/tex/latex/latexconfig/epstopdf-sys.cfg
File: epstopdf-sys.cfg 2010/07/13 v1.3 Configuration of (r)epstopdf for TeX Liv
e
))
(./dedic.tex
LaTeX Font Info:    Try loading font information for U+msa on input line 26.
 (/usr/local/texlive/2011/texmf-dist/tex/latex/amsfonts/umsa.fd
File: umsa.fd 2009/06/22 v3.00 AMS symbols A
)
LaTeX Font Info:    Try loading font information for U+msb on input line 26.

(/usr/local/texlive/2011/texmf-dist/tex/latex/amsfonts/umsb.fd
File: umsb.fd 2009/06/22 v3.00 AMS symbols B
) [1


{/usr/local/texlive/2011/texmf-var/fonts/map/pdftex/updmap/pdftex.map}]) (./agr
ad.tex
[2

]) (./principal.toc)
\tf@toc=\write3
\openout3 = `principal.toc'.

 [3


]

Package Fancyhdr Warning: \fancyhead's `E' option without twoside option is use
less on input line 68.


Package Fancyhdr Warning: \fancyhead's `E' option without twoside option is use
less on input line 71.

(./introduccion.tex [1


]

Package Fancyhdr Warning: \headheight is too small (12.0pt): 
 Make it at least 13.59999pt.
 We now make it that large for the rest of the document.
 This may cause the page layout to be inconsistent, however.

[2]) (./generales.tex
Cap\'{\i }tulo 1.

Underfull \hbox (badness 10000) in paragraph at lines 26--28

 []


Underfull \hbox (badness 10000) in paragraph at lines 34--41

 []

[3


]

Package Fancyhdr Warning: \headheight is too small (13.59999pt): 
 Make it at least 13.64296pt.
 We now make it that large for the rest of the document.
 This may cause the page layout to be inconsistent, however.

[4] <trans.jpg, id=31, 253.94875pt x 239.89626pt>
File: trans.jpg Graphic file (type jpg)
 <use trans.jpg>
Package pdftex.def Info: trans.jpg used on input line 81.
(pdftex.def)             Requested size: 203.15926pt x 191.91725pt.
 [5 <./trans.jpg>] [6]) (./confia.tex
Cap\'{\i }tulo 2.

Underfull \hbox (badness 10000) in paragraph at lines 13--14

 []

[7


] [8] <weD.pdf, id=48, 1084.05pt x 578.16pt>
File: weD.pdf Graphic file (type pdf)
 <use weD.pdf>
Package pdftex.def Info: weD.pdf used on input line 99.
(pdftex.def)             Requested size: 379.42319pt x 202.35902pt.
 [9]
<weA.pdf, id=56, 1084.05pt x 578.16pt>
File: weA.pdf Graphic file (type pdf)
 <use weA.pdf>
Package pdftex.def Info: weA.pdf used on input line 115.
(pdftex.def)             Requested size: 379.42319pt x 202.35902pt.

<weC.pdf, id=57, 1084.05pt x 578.16pt>
File: weC.pdf Graphic file (type pdf)
 <use weC.pdf>
Package pdftex.def Info: weC.pdf used on input line 128.
(pdftex.def)             Requested size: 379.42319pt x 202.35902pt.

<weR.pdf, id=58, 1084.05pt x 578.16pt>
File: weR.pdf Graphic file (type pdf)
 <use weR.pdf>
Package pdftex.def Info: weR.pdf used on input line 142.
(pdftex.def)             Requested size: 379.42319pt x 202.35902pt.
 [10 <./weD.pdf>] [11 <./weA.pdf> <./weC.pdf>] <bayes1.pdf, id=84, 272.01625pt 
x 129.48375pt>
File: bayes1.pdf Graphic file (type pdf)

<use bayes1.pdf>
Package pdftex.def Info: bayes1.pdf used on input line 158.
(pdftex.def)             Requested size: 489.62886pt x 233.07053pt.

Overfull \hbox (83.03905pt too wide) in paragraph at lines 158--159
 [] 
 []

[12 <./weR.pdf>]
Underfull \hbox (badness 10000) in paragraph at lines 179--180

 []

[13 <./bayes1.pdf>] [14] [15] [16]
Underfull \hbox (badness 10000) in paragraph at lines 287--288

 []

[17] [18] [19]
Underfull \hbox (badness 10000) in paragraph at lines 399--400

 []

[20]
Overfull \hbox (2.1643pt too wide) in paragraph at lines 406--408
\T1/cmr/m/n/10.95 Por otro la-do, si su-po-ne-mos que la mues-tra de la dis-tri
-bu-ción pos-te-rior es $\OML/cmm/m/it/10.95 ^^R[]; ^^R[]; []  ; ^^R[]$\T1/cmr/
m/n/10.95 ,
 []


Underfull \hbox (badness 10000) in paragraph at lines 414--416

 []


Underfull \hbox (badness 10000) in paragraph at lines 420--422

 []

[21]) (./aplicacion.tex
Cap\'{\i }tulo 3.

LaTeX Warning: `!h' float specifier changed to `!ht'.

[22


]

LaTeX Warning: Text page 23 contains only floats.

[23] <r1.png, id=144, 552.0625pt x 451.6875pt>
File: r1.png Graphic file (type png)
 <use r1.png>
Package pdftex.def Info: r1.png used on input line 101.
(pdftex.def)             Requested size: 220.82108pt x 180.67178pt.
 [24]
Underfull \hbox (badness 10000) in paragraph at lines 118--120

 []

<apriori1.pdf, id=149, 258.9675pt x 148.555pt>
File: apriori1.pdf Graphic file (type pdf)
 <use apriori1.pdf>
Package pdftex.def Info: apriori1.pdf used on input line 125.
(pdftex.def)             Requested size: 258.96684pt x 148.55463pt.
 [25 <./r1.png>] [26 <./apriori1.pdf>] <app.pdf, id=158, 1084.05pt x 578.16pt>
File: app.pdf Graphic file (type pdf)
 <use app.pdf>
Package pdftex.def Info: app.pdf used on input line 190.
(pdftex.def)             Requested size: 216.80615pt x 115.62994pt.

<r2meses.pdf, id=159, 1084.05pt x 578.16pt>
File: r2meses.pdf Graphic file (type pdf)
 <use r2meses.pdf>
Package pdftex.def Info: r2meses.pdf used on input line 197.
(pdftex.def)             Requested size: 216.80615pt x 115.62994pt.
 [27] [28 <./app.pdf> <./r2meses.pdf>] <pos1.pdf, id=178, 1084.05pt x 578.16pt>
File: pos1.pdf Graphic file (type pdf)
 <use pos1.pdf>
Package pdftex.def Info: pos1.pdf used on input line 223.
(pdftex.def)             Requested size: 216.80615pt x 115.62994pt.

Overfull \hbox (13.51125pt too wide) in paragraph at lines 223--224
[][] 
 []

<pos2.pdf, id=179, 1084.05pt x 578.16pt>
File: pos2.pdf Graphic file (type pdf)
 <use pos2.pdf>
Package pdftex.def Info: pos2.pdf used on input line 228.
(pdftex.def)             Requested size: 216.80615pt x 115.62994pt.

Overfull \hbox (33.84198pt too wide) in paragraph at lines 228--229
[][] 
 []

<logObj1.pdf, id=180, 1084.05pt x 578.16pt>
File: logObj1.pdf Graphic file (type pdf)
 <use logObj1.pdf>
Package pdftex.def Info: logObj1.pdf used on input line 239.
(pdftex.def)             Requested size: 325.21751pt x 173.44933pt.

<serie.pdf, id=181, 1084.05pt x 578.16pt>
File: serie.pdf Graphic file (type pdf)
 <use serie.pdf>
Package pdftex.def Info: serie.pdf used on input line 246.
(pdftex.def)             Requested size: 271.01184pt x 144.53964pt.

<DenPos.pdf, id=182, 1084.05pt x 578.16pt>
File: DenPos.pdf Graphic file (type pdf)
 <use DenPos.pdf>
Package pdftex.def Info: DenPos.pdf used on input line 264.
(pdftex.def)             Requested size: 271.01184pt x 144.53964pt.


LaTeX Warning: `!h' float specifier changed to `!ht'.

<ConPos.pdf, id=183, 1084.05pt x 578.16pt>
File: ConPos.pdf Graphic file (type pdf)
 <use ConPos.pdf>
Package pdftex.def Info: ConPos.pdf used on input line 291.
(pdftex.def)             Requested size: 271.01184pt x 144.53964pt.
 [29 <./pos1.pdf> <./pos2.pdf>] [30 <./logObj1.pdf> <./serie.pdf> <./DenPos.pdf
>]
Overfull \hbox (16.80534pt too wide) in paragraph at lines 310--330
 [][] 
 []

<Rpos.pdf, id=220, 1084.05pt x 578.16pt>
File: Rpos.pdf Graphic file (type pdf)
 <use Rpos.pdf>
Package pdftex.def Info: Rpos.pdf used on input line 342.
(pdftex.def)             Requested size: 271.01184pt x 144.53964pt.
 [31 <./ConPos.pdf>]
[32 <./Rpos.pdf>]) (./UtilidadFinal.tex
Cap\'{\i }tulo 4.
[33


] <esq.pdf, id=240, 452.69125pt x 124.465pt>
File: esq.pdf Graphic file (type pdf)
 <use esq.pdf>
Package pdftex.def Info: esq.pdf used on input line 44.
(pdftex.def)             Requested size: 543.22678pt x 149.35724pt.

Overfull \hbox (82.15308pt too wide) in paragraph at lines 43--45
[]  []
 []

<final.pdf, id=241, 661.47125pt x 241.90375pt>
File: final.pdf Graphic file (type pdf)
 <use final.pdf>
Package pdftex.def Info: final.pdf used on input line 50.
(pdftex.def)             Requested size: 463.02672pt x 169.33147pt.

Overfull \hbox (27.98416pt too wide) in paragraph at lines 50--51
[] []
 []


LaTeX Warning: `!h' float specifier changed to `!ht'.

[34 <./esq.pdf>] [35 <./final.pdf>]
Underfull \hbox (badness 10000) in paragraph at lines 94--97

 []

<Rplot06.pdf, id=251, 1084.05pt x 578.16pt>
File: Rplot06.pdf Graphic file (type pdf)
 <use Rplot06.pdf>
Package pdftex.def Info: Rplot06.pdf used on input line 108.
(pdftex.def)             Requested size: 325.21751pt x 173.44933pt.

<Rplot08.pdf, id=252, 1084.05pt x 578.16pt>
File: Rplot08.pdf Graphic file (type pdf)
 <use Rplot08.pdf>
Package pdftex.def Info: Rplot08.pdf used on input line 115.
(pdftex.def)             Requested size: 325.21751pt x 173.44933pt.

<Rplot10.pdf, id=253, 1084.05pt x 578.16pt>
File: Rplot10.pdf Graphic file (type pdf)
 <use Rplot10.pdf>
Package pdftex.def Info: Rplot10.pdf used on input line 122.
(pdftex.def)             Requested size: 325.21751pt x 173.44933pt.
 [36] [37 <./Rplot06.pdf> <./Rplot08.pdf>] [38 <./Rplot10.pdf>]
Underfull \hbox (badness 10000) in paragraph at lines 153--155

 []

<tr1.pdf, id=278, 434.62375pt x 220.825pt>
File: tr1.pdf Graphic file (type pdf)
 <use tr1.pdf>
Package pdftex.def Info: tr1.pdf used on input line 159.
(pdftex.def)             Requested size: 434.62268pt x 220.82445pt.

Overfull \hbox (28.03287pt too wide) in paragraph at lines 159--160
 [] 
 []


LaTeX Warning: `!h' float specifier changed to `!ht'.

[39]
Underfull \hbox (badness 10000) in paragraph at lines 187--190

 []


LaTeX Warning: `!h' float specifier changed to `!ht'.

<ejeu1.pdf, id=282, 1084.05pt x 578.16pt>
File: ejeu1.pdf Graphic file (type pdf)
 <use ejeu1.pdf>
Package pdftex.def Info: ejeu1.pdf used on input line 213.
(pdftex.def)             Requested size: 379.42319pt x 202.35902pt.
 [40 <./tr1.pdf>]
<ejeu2.pdf, id=288, 1084.05pt x 578.16pt>
File: ejeu2.pdf Graphic file (type pdf)
 <use ejeu2.pdf>
Package pdftex.def Info: ejeu2.pdf used on input line 236.
(pdftex.def)             Requested size: 325.21751pt x 173.44933pt.


LaTeX Warning: `!h' float specifier changed to `!ht'.

[41 <./ejeu1.pdf>] <ejeu3.pdf, id=297, 1084.05pt x 578.16pt>
File: ejeu3.pdf Graphic file (type pdf)
 <use ejeu3.pdf>
Package pdftex.def Info: ejeu3.pdf used on input line 247.
(pdftex.def)             Requested size: 325.21751pt x 173.44933pt.


LaTeX Warning: `!h' float specifier changed to `!ht'.

[42 <./ejeu2.pdf> <./ejeu3.pdf>] [43]
Underfull \hbox (badness 10000) in paragraph at lines 305--306

 []

<poA.pdf, id=314, 1084.05pt x 578.16pt>
File: poA.pdf Graphic file (type pdf)
 <use poA.pdf>
Package pdftex.def Info: poA.pdf used on input line 314.
(pdftex.def)             Requested size: 379.42319pt x 202.35902pt.

Overfull \hbox (2.0937pt too wide) in paragraph at lines 330--347
 [][] 
 []


LaTeX Warning: `!h' float specifier changed to `!ht'.


Overfull \hbox (17.09004pt too wide) in paragraph at lines 397--413
 [][] 
 []


LaTeX Warning: `!h' float specifier changed to `!ht'.


LaTeX Warning: `!h' float specifier changed to `!ht'.

[44 <./poA.pdf>] [45]
Underfull \hbox (badness 10000) in paragraph at lines 563--565

 []

<utilpeso01delta61.pdf, id=329, 1084.05pt x 578.16pt>
File: utilpeso01delta61.pdf Graphic file (type pdf)

<use utilpeso01delta61.pdf>
Package pdftex.def Info: utilpeso01delta61.pdf used on input line 597.
(pdftex.def)             Requested size: 325.21751pt x 173.44933pt.


LaTeX Warning: `!h' float specifier changed to `!ht'.


LaTeX Warning: `!h' float specifier changed to `!ht'.

<utilpeso01delta8.pdf, id=330, 1084.05pt x 578.16pt>
File: utilpeso01delta8.pdf Graphic file (type pdf)

<use utilpeso01delta8.pdf>
Package pdftex.def Info: utilpeso01delta8.pdf used on input line 637.
(pdftex.def)             Requested size: 325.21751pt x 173.44933pt.
 [46]

LaTeX Warning: `!h' float specifier changed to `!ht'.

[47 <./utilpeso01delta61.pdf>]
<utipeso05delta6.pdf, id=344, 1084.05pt x 578.16pt>
File: utipeso05delta6.pdf Graphic file (type pdf)
 <use utipeso05delta6.pdf>
Package pdftex.def Info: utipeso05delta6.pdf used on input line 700.
(pdftex.def)             Requested size: 325.21751pt x 173.44933pt.

[48 <./utilpeso01delta8.pdf> <./utipeso05delta6.pdf>]
<uA8.pdf, id=361, 1084.05pt x 578.16pt>
File: uA8.pdf Graphic file (type pdf)
 <use uA8.pdf>
Package pdftex.def Info: uA8.pdf used on input line 849.
(pdftex.def)             Requested size: 325.21751pt x 173.44933pt.

Overfull \hbox (27.0876pt too wide) in paragraph at lines 858--874
 [][] 
 []


LaTeX Warning: `!h' float specifier changed to `!ht'.

<uA6puntouno.pdf, id=362, 1084.05pt x 578.16pt>
File: uA6puntouno.pdf Graphic file (type pdf)
 <use uA6puntouno.pdf>
Package pdftex.def Info: uA6puntouno.pdf used on input line 879.
(pdftex.def)             Requested size: 325.21751pt x 173.44933pt.


LaTeX Warning: `!h' float specifier changed to `!ht'.


LaTeX Warning: `!h' float specifier changed to `!ht'.

<puntocinco.pdf, id=363, 1084.05pt x 578.16pt>
File: puntocinco.pdf Graphic file (type pdf)
 <use puntocinco.pdf>
Package pdftex.def Info: puntocinco.pdf used on input line 947.
(pdftex.def)             Requested size: 325.21751pt x 173.44933pt.


LaTeX Warning: `!h' float specifier changed to `!ht'.

[49 <./uA8.pdf>] [50 <./uA6puntouno.pdf>]
Underfull \hbox (badness 10000) in paragraph at lines 1030--1032

 []

[51 <./puntocinco.pdf>]

LaTeX Warning: `!h' float specifier changed to `!ht'.

[52] [53]) (./conclusiones1.tex
Cap\'{\i }tulo 5.
[54


]
Underfull \hbox (badness 10000) in paragraph at lines 20--21

 []

) [55]
LaTeX Font Info:    Try loading font information for T1+cmtt on input line 104.

 (/usr/local/texlive/2011/texmf-dist/tex/latex/base/t1cmtt.fd
File: t1cmtt.fd 1999/05/25 v2.5h Standard LaTeX font definitions
)
Underfull \hbox (badness 1902) in paragraph at lines 114--116
[]\T1/cmr/m/n/10.95 Siddhartha Chib; Ed-ward Green-berg \T1/cmr/bx/n/10.95 ``Un
-ders-tan-ding the Metropolis-
 []

[56

] [57] (./principal.aux)

LaTeX Warning: There were multiply-defined labels.

 ) 
Here is how much of TeX's memory you used:
 4271 strings out of 493633
 54351 string characters out of 3143378
 133647 words of memory out of 3000000
 7399 multiletter control sequences out of 15000+200000
 26940 words of font info for 71 fonts, out of 3000000 for 9000
 831 hyphenation exceptions out of 8191
 38i,11n,43p,1409b,439s stack positions out of 5000i,500n,10000p,200000b,50000s
{/usr/local/texlive/2011/texmf-dist/fonts/enc/dvips/cm-super/cm-super-t1.enc}
</usr/local/texlive/2011/texmf-dist/fonts/type1/public/amsfonts/cm/cmbx10.pfb><
/usr/local/texlive/2011/texmf-dist/fonts/type1/public/amsfonts/cm/cmbx7.pfb></u
sr/local/texlive/2011/texmf-dist/fonts/type1/public/amsfonts/cm/cmex10.pfb></us
r/local/texlive/2011/texmf-dist/fonts/type1/public/amsfonts/cmextra/cmex8.pfb><
/usr/local/texlive/2011/texmf-dist/fonts/type1/public/amsfonts/cm/cmmi10.pfb></
usr/local/texlive/2011/texmf-dist/fonts/type1/public/amsfonts/cm/cmmi6.pfb></us
r/local/texlive/2011/texmf-dist/fonts/type1/public/amsfonts/cm/cmmi7.pfb></usr/
local/texlive/2011/texmf-dist/fonts/type1/public/amsfonts/cm/cmmi8.pfb></usr/lo
cal/texlive/2011/texmf-dist/fonts/type1/public/amsfonts/cm/cmmi9.pfb></usr/loca
l/texlive/2011/texmf-dist/fonts/type1/public/amsfonts/cm/cmr10.pfb></usr/local/
texlive/2011/texmf-dist/fonts/type1/public/amsfonts/cm/cmr6.pfb></usr/local/tex
live/2011/texmf-dist/fonts/type1/public/amsfonts/cm/cmr7.pfb></usr/local/texliv
e/2011/texmf-dist/fonts/type1/public/amsfonts/cm/cmr8.pfb></usr/local/texlive/2
011/texmf-dist/fonts/type1/public/amsfonts/cm/cmr9.pfb></usr/local/texlive/2011
/texmf-dist/fonts/type1/public/amsfonts/cm/cmsy10.pfb></usr/local/texlive/2011/
texmf-dist/fonts/type1/public/amsfonts/cm/cmsy6.pfb></usr/local/texlive/2011/te
xmf-dist/fonts/type1/public/amsfonts/cm/cmsy8.pfb></usr/local/texlive/2011/texm
f-dist/fonts/type1/public/amsfonts/cm/cmsy9.pfb></usr/local/texlive/2011/texmf-
dist/fonts/type1/public/amsfonts/symbols/msbm10.pfb></usr/local/texlive/2011/te
xmf-dist/fonts/type1/public/cm-super/sfbx1000.pfb></usr/local/texlive/2011/texm
f-dist/fonts/type1/public/cm-super/sfbx1095.pfb></usr/local/texlive/2011/texmf-
dist/fonts/type1/public/cm-super/sfbx1200.pfb></usr/local/texlive/2011/texmf-di
st/fonts/type1/public/cm-super/sfbx1440.pfb></usr/local/texlive/2011/texmf-dist
/fonts/type1/public/cm-super/sfbx2074.pfb></usr/local/texlive/2011/texmf-dist/f
onts/type1/public/cm-super/sfbx2488.pfb></usr/local/texlive/2011/texmf-dist/fon
ts/type1/public/cm-super/sfcc1095.pfb></usr/local/texlive/2011/texmf-dist/fonts
/type1/public/cm-super/sfrm0600.pfb></usr/local/texlive/2011/texmf-dist/fonts/t
ype1/public/cm-super/sfrm0800.pfb></usr/local/texlive/2011/texmf-dist/fonts/typ
e1/public/cm-super/sfrm0900.pfb></usr/local/texlive/2011/texmf-dist/fonts/type1
/public/cm-super/sfrm1000.pfb></usr/local/texlive/2011/texmf-dist/fonts/type1/p
ublic/cm-super/sfrm1095.pfb></usr/local/texlive/2011/texmf-dist/fonts/type1/pub
lic/cm-super/sfti1095.pfb></usr/local/texlive/2011/texmf-dist/fonts/type1/publi
c/cm-super/sftt1095.pfb>
Output written on principal.pdf (60 pages, 1594099 bytes).
PDF statistics:
 518 PDF objects out of 1000 (max. 8388607)
 359 compressed objects within 4 object streams
 0 named destinations out of 1000 (max. 500000)
 166 words of extra memory for PDF output out of 10000 (max. 10000000)

